<?xml version="1.0" encoding="UTF-8"?>
<!-- Generated by org.testng.reporters.JUnitXMLReporter -->
<testsuite ignored="0" hostname="Sathish-PC" failures="1" tests="2" name="EdgeTest" time="52.422" errors="0" timestamp="2025-04-02T18:12:36 IST">
  <testcase classname="testCases.TC_001_AccountRegistrationTest" name="verify_AccountRegistration" time="11.019">
    <failure type="java.lang.AssertionError" message="null">
      <![CDATA[java.lang.AssertionError: null
at testCases.TC_001_AccountRegistrationTest.verify_AccountRegistration(TC_001_AccountRegistrationTest.java:54)
at java.base/java.util.ArrayList.forEach(ArrayList.java:1596)
at java.base/java.util.concurrent.FutureTask.run(FutureTask.java:317)
at java.base/java.util.concurrent.ThreadPoolExecutor.runWorker(ThreadPoolExecutor.java:1144)
at java.base/java.util.concurrent.ThreadPoolExecutor$Worker.run(ThreadPoolExecutor.java:642)
at java.base/java.lang.Thread.run(Thread.java:1583)
... Removed 17 stack frames]]>
    </failure>
  </testcase> <!-- verify_AccountRegistration -->
  <testcase classname="testCases.TC_002_LoginTest" name="verify_Login" time="2.924"/>
</testsuite> <!-- EdgeTest -->
